[2020/05/12-00:36:28.396]-[INFO]-[main]-[]-[org.springframework.test.context.support.AbstractTestContextBootstrapper:248] - Loaded default TestExecutionListener class names from location [META-INF/spring.factories]: [org.springframework.test.context.web.ServletTestExecutionListener, org.springframework.test.context.support.DirtiesContextBeforeModesTestExecutionListener, org.springframework.test.context.support.DependencyInjectionTestExecutionListener, org.springframework.test.context.support.DirtiesContextTestExecutionListener, org.springframework.test.context.transaction.TransactionalTestExecutionListener, org.springframework.test.context.jdbc.SqlScriptsTestExecutionListener]
[2020/05/12-00:36:28.490]-[INFO]-[main]-[]-[org.springframework.test.context.support.AbstractTestContextBootstrapper:177] - Using TestExecutionListeners: [org.springframework.test.context.web.ServletTestExecutionListener@516be40f, org.springframework.test.context.support.DirtiesContextBeforeModesTestExecutionListener@3c0a50da, org.springframework.test.context.support.DependencyInjectionTestExecutionListener@646be2c3, org.springframework.test.context.support.DirtiesContextTestExecutionListener@797badd3, org.springframework.test.context.transaction.TransactionalTestExecutionListener@77be656f, org.springframework.test.context.jdbc.SqlScriptsTestExecutionListener@19dc67c2]
[2020/05/12-00:36:28.854]-[INFO]-[main]-[]-[org.springframework.beans.factory.xml.XmlBeanDefinitionReader:317] - Loading XML bean definitions from class path resource [spring/applicationContext.xml]
[2020/05/12-00:36:30.040]-[INFO]-[main]-[]-[org.springframework.beans.factory.xml.XmlBeanDefinitionReader:317] - Loading XML bean definitions from class path resource [spring/spring-mybatis.xml]
[2020/05/12-00:36:30.241]-[INFO]-[main]-[]-[org.springframework.beans.factory.xml.XmlBeanDefinitionReader:317] - Loading XML bean definitions from class path resource [spring/spring-shiro.xml]
[2020/05/12-00:36:30.292]-[INFO]-[main]-[]-[org.springframework.context.support.AbstractApplicationContext:588] - Refreshing org.springframework.context.support.GenericApplicationContext@1f1c7bf6: startup date [Tue May 12 00:36:30 CST 2020]; root of context hierarchy
[2020/05/12-00:36:31.282]-[INFO]-[main]-[]-[org.springframework.beans.factory.annotation.AutowiredAnnotationBeanPostProcessor:153] - JSR-330 'javax.inject.Inject' annotation found and supported for autowiring
[2020/05/12-00:36:52.226]-[INFO]-[main]-[]-[org.springframework.context.support.PostProcessorRegistrationDelegate$BeanPostProcessorChecker:326] - Bean 'dataSource' of type [org.apache.commons.dbcp2.BasicDataSource] is not eligible for getting processed by all BeanPostProcessors (for example: not eligible for auto-proxying)
[2020/05/12-00:36:52.817]-[INFO]-[main]-[]-[org.springframework.context.support.PostProcessorRegistrationDelegate$BeanPostProcessorChecker:326] - Bean 'org.apache.ibatis.session.Configuration#e4487af' of type [org.apache.ibatis.session.Configuration] is not eligible for getting processed by all BeanPostProcessors (for example: not eligible for auto-proxying)
[2020/05/12-00:36:52.849]-[INFO]-[main]-[]-[org.springframework.context.support.PostProcessorRegistrationDelegate$BeanPostProcessorChecker:326] - Bean 'sqlSessionFactory' of type [org.mybatis.spring.SqlSessionFactoryBean] is not eligible for getting processed by all BeanPostProcessors (for example: not eligible for auto-proxying)
[2020/05/12-00:36:52.851]-[INFO]-[main]-[]-[org.springframework.context.support.PostProcessorRegistrationDelegate$BeanPostProcessorChecker:326] - Bean 'sqlSessionFactory' of type [org.apache.ibatis.session.defaults.DefaultSqlSessionFactory] is not eligible for getting processed by all BeanPostProcessors (for example: not eligible for auto-proxying)
[2020/05/12-00:37:00.394]-[INFO]-[main]-[]-[org.springframework.context.support.PostProcessorRegistrationDelegate$BeanPostProcessorChecker:326] - Bean 'adminDao' of type [org.mybatis.spring.mapper.MapperFactoryBean] is not eligible for getting processed by all BeanPostProcessors (for example: not eligible for auto-proxying)
[2020/05/12-00:37:00.400]-[INFO]-[main]-[]-[org.springframework.context.support.PostProcessorRegistrationDelegate$BeanPostProcessorChecker:326] - Bean 'adminDao' of type [com.sun.proxy.$Proxy36] is not eligible for getting processed by all BeanPostProcessors (for example: not eligible for auto-proxying)
[2020/05/12-00:37:00.409]-[INFO]-[main]-[]-[org.springframework.context.support.PostProcessorRegistrationDelegate$BeanPostProcessorChecker:326] - Bean 'adminServiceImpl' of type [com.yan.open.service.impl.AdminServiceImpl] is not eligible for getting processed by all BeanPostProcessors (for example: not eligible for auto-proxying)
[2020/05/12-00:37:01.018]-[INFO]-[main]-[]-[org.springframework.context.support.PostProcessorRegistrationDelegate$BeanPostProcessorChecker:326] - Bean 'org.apache.shiro.authc.credential.HashedCredentialsMatcher#623a8092' of type [org.apache.shiro.authc.credential.HashedCredentialsMatcher] is not eligible for getting processed by all BeanPostProcessors (for example: not eligible for auto-proxying)
[2020/05/12-00:37:01.020]-[INFO]-[main]-[]-[org.springframework.context.support.PostProcessorRegistrationDelegate$BeanPostProcessorChecker:326] - Bean 'customRealm' of type [com.yan.open.realm.CustomRealm] is not eligible for getting processed by all BeanPostProcessors (for example: not eligible for auto-proxying)
[2020/05/12-00:37:01.025]-[INFO]-[main]-[]-[org.springframework.context.support.PostProcessorRegistrationDelegate$BeanPostProcessorChecker:326] - Bean 'securityManager' of type [org.apache.shiro.web.mgt.DefaultWebSecurityManager] is not eligible for getting processed by all BeanPostProcessors (for example: not eligible for auto-proxying)
[2020/05/12-00:37:01.034]-[INFO]-[main]-[]-[org.springframework.context.support.PostProcessorRegistrationDelegate$BeanPostProcessorChecker:326] - Bean 'filterChainDefinitionMapBuilder' of type [com.yan.open.factory.FilterChainDefinitionMapBuilder] is not eligible for getting processed by all BeanPostProcessors (for example: not eligible for auto-proxying)
[2020/05/12-00:37:01.053]-[INFO]-[main]-[]-[org.springframework.context.support.PostProcessorRegistrationDelegate$BeanPostProcessorChecker:326] - Bean 'filterChainDefinitionMap' of type [java.util.LinkedHashMap] is not eligible for getting processed by all BeanPostProcessors (for example: not eligible for auto-proxying)
[2020/05/12-00:37:03.637]-[INFO]-[Thread-1]-[]-[org.springframework.context.support.AbstractApplicationContext:991] - Closing org.springframework.context.support.GenericApplicationContext@1f1c7bf6: startup date [Tue May 12 00:36:30 CST 2020]; root of context hierarchy
[2020/05/12-12:31:04.718]-[DEBUG]-[main]-[]-[org.apache.ibatis.logging.jdbc.BaseJdbcLogger:145] - ==>  Preparing: select * from orders where order_status = '0' 
[2020/05/12-12:31:04.798]-[DEBUG]-[main]-[]-[org.apache.ibatis.logging.jdbc.BaseJdbcLogger:145] - ==> Parameters: 
[2020/05/12-12:31:04.888]-[DEBUG]-[main]-[]-[org.apache.ibatis.logging.jdbc.BaseJdbcLogger:145] - <==      Total: 2
[2020/05/12-12:32:06.154]-[DEBUG]-[main]-[]-[org.apache.ibatis.logging.jdbc.BaseJdbcLogger:145] - ==>  Preparing: select * from orders where order_status = '0' 
[2020/05/12-12:32:06.194]-[DEBUG]-[main]-[]-[org.apache.ibatis.logging.jdbc.BaseJdbcLogger:145] - ==> Parameters: 
[2020/05/12-12:32:06.234]-[DEBUG]-[main]-[]-[org.apache.ibatis.logging.jdbc.BaseJdbcLogger:145] - <==      Total: 2
[2020/05/12-12:32:06.264]-[DEBUG]-[main]-[]-[org.apache.ibatis.logging.jdbc.BaseJdbcLogger:145] - ==>  Preparing: select * from orders where order_status = '0' 
[2020/05/12-12:32:06.264]-[DEBUG]-[main]-[]-[org.apache.ibatis.logging.jdbc.BaseJdbcLogger:145] - ==> Parameters: 
[2020/05/12-12:32:06.274]-[DEBUG]-[main]-[]-[org.apache.ibatis.logging.jdbc.BaseJdbcLogger:145] - <==      Total: 2
[2020/05/12-12:33:24.158]-[DEBUG]-[main]-[]-[org.apache.ibatis.logging.jdbc.BaseJdbcLogger:145] - ==>  Preparing: select * from orders where order_status = '0' 
[2020/05/12-12:33:24.206]-[DEBUG]-[main]-[]-[org.apache.ibatis.logging.jdbc.BaseJdbcLogger:145] - ==> Parameters: 
[2020/05/12-12:33:24.256]-[DEBUG]-[main]-[]-[org.apache.ibatis.logging.jdbc.BaseJdbcLogger:145] - <==      Total: 2
[2020/05/12-12:33:24.316]-[DEBUG]-[main]-[]-[org.apache.ibatis.logging.jdbc.BaseJdbcLogger:145] - ==>  Preparing: select * from orders where order_status = '0' 
[2020/05/12-12:33:24.316]-[DEBUG]-[main]-[]-[org.apache.ibatis.logging.jdbc.BaseJdbcLogger:145] - ==> Parameters: 
[2020/05/12-12:33:24.316]-[DEBUG]-[main]-[]-[org.apache.ibatis.logging.jdbc.BaseJdbcLogger:145] - <==      Total: 2
[2020/05/12-12:35:04.203]-[DEBUG]-[main]-[]-[org.apache.ibatis.logging.jdbc.BaseJdbcLogger:145] - ==>  Preparing: select * from orders where order_status = '0' 
[2020/05/12-12:35:04.243]-[DEBUG]-[main]-[]-[org.apache.ibatis.logging.jdbc.BaseJdbcLogger:145] - ==> Parameters: 
[2020/05/12-12:35:04.283]-[DEBUG]-[main]-[]-[org.apache.ibatis.logging.jdbc.BaseJdbcLogger:145] - <==      Total: 2
[2020/05/12-12:35:04.323]-[DEBUG]-[main]-[]-[org.apache.ibatis.logging.jdbc.BaseJdbcLogger:145] - ==>  Preparing: select * from orders where order_status = '0' 
[2020/05/12-12:35:04.323]-[DEBUG]-[main]-[]-[org.apache.ibatis.logging.jdbc.BaseJdbcLogger:145] - ==> Parameters: 
[2020/05/12-12:35:04.333]-[DEBUG]-[main]-[]-[org.apache.ibatis.logging.jdbc.BaseJdbcLogger:145] - <==      Total: 2
[2020/05/12-12:36:32.216]-[DEBUG]-[main]-[]-[org.apache.ibatis.logging.jdbc.BaseJdbcLogger:145] - ==>  Preparing: select * from orders where order_status = '0' 
[2020/05/12-12:36:32.256]-[DEBUG]-[main]-[]-[org.apache.ibatis.logging.jdbc.BaseJdbcLogger:145] - ==> Parameters: 
[2020/05/12-12:36:32.306]-[DEBUG]-[main]-[]-[org.apache.ibatis.logging.jdbc.BaseJdbcLogger:145] - <==      Total: 2
[2020/05/12-12:36:32.326]-[DEBUG]-[main]-[]-[org.apache.ibatis.logging.jdbc.BaseJdbcLogger:145] - ==>  Preparing: select * from order_detail where order_num = ? 
[2020/05/12-12:36:32.326]-[DEBUG]-[main]-[]-[org.apache.ibatis.logging.jdbc.BaseJdbcLogger:145] - ==> Parameters: 24(Integer)
[2020/05/12-12:36:32.326]-[DEBUG]-[main]-[]-[org.apache.ibatis.logging.jdbc.BaseJdbcLogger:145] - <==      Total: 1
[2020/05/12-12:36:32.326]-[DEBUG]-[main]-[]-[org.apache.ibatis.logging.jdbc.BaseJdbcLogger:145] - ==>  Preparing: select * from order_detail where order_num = ? 
[2020/05/12-12:36:32.336]-[DEBUG]-[main]-[]-[org.apache.ibatis.logging.jdbc.BaseJdbcLogger:145] - ==> Parameters: 90(Integer)
[2020/05/12-12:36:32.336]-[DEBUG]-[main]-[]-[org.apache.ibatis.logging.jdbc.BaseJdbcLogger:145] - <==      Total: 3
[2020/05/12-12:36:32.366]-[DEBUG]-[main]-[]-[org.apache.ibatis.logging.jdbc.BaseJdbcLogger:145] - ==>  Preparing: select * from orders where order_status = '0' 
[2020/05/12-12:36:32.366]-[DEBUG]-[main]-[]-[org.apache.ibatis.logging.jdbc.BaseJdbcLogger:145] - ==> Parameters: 
[2020/05/12-12:36:32.366]-[DEBUG]-[main]-[]-[org.apache.ibatis.logging.jdbc.BaseJdbcLogger:145] - <==      Total: 2
[2020/05/12-12:36:32.376]-[DEBUG]-[main]-[]-[org.apache.ibatis.logging.jdbc.BaseJdbcLogger:145] - ==>  Preparing: select * from order_detail where order_num = ? 
[2020/05/12-12:36:32.376]-[DEBUG]-[main]-[]-[org.apache.ibatis.logging.jdbc.BaseJdbcLogger:145] - ==> Parameters: 24(Integer)
[2020/05/12-12:36:32.376]-[DEBUG]-[main]-[]-[org.apache.ibatis.logging.jdbc.BaseJdbcLogger:145] - <==      Total: 1
[2020/05/12-12:36:32.376]-[DEBUG]-[main]-[]-[org.apache.ibatis.logging.jdbc.BaseJdbcLogger:145] - ==>  Preparing: select * from order_detail where order_num = ? 
[2020/05/12-12:36:32.376]-[DEBUG]-[main]-[]-[org.apache.ibatis.logging.jdbc.BaseJdbcLogger:145] - ==> Parameters: 90(Integer)
[2020/05/12-12:36:32.376]-[DEBUG]-[main]-[]-[org.apache.ibatis.logging.jdbc.BaseJdbcLogger:145] - <==      Total: 3
[2020/05/12-17:11:18.419]-[DEBUG]-[main]-[]-[org.apache.ibatis.logging.jdbc.BaseJdbcLogger:145] - ==>  Preparing: select m.food,t.num,t.position,d.quantity from order_detail d,`table` t,menu m where d.food = m.id and t.id = ? and d.order_num = ? 
[2020/05/12-17:11:18.469]-[DEBUG]-[main]-[]-[org.apache.ibatis.logging.jdbc.BaseJdbcLogger:145] - ==> Parameters: 2(Integer), 25(Integer)
[2020/05/12-17:11:18.507]-[DEBUG]-[main]-[]-[org.apache.ibatis.logging.jdbc.BaseJdbcLogger:145] - <==      Total: 1
[2020/05/12-17:11:18.515]-[INFO]-[main]-[]-[com.yan.open.UserTest:174] - order:[OrderDetail(id=null, orderNum=null, tableNum=null, table=null, position=12,43,12, food=梭子蟹炒年糕, price=null, quantity=1)]
[2020/05/12-17:12:28.119]-[DEBUG]-[main]-[]-[org.apache.ibatis.logging.jdbc.BaseJdbcLogger:145] - ==>  Preparing: select m.food,t.num,t.position,d.quantity from order_detail d,`table` t,menu m where d.food = m.id and t.id = ? and d.order_num = ? 
[2020/05/12-17:12:28.164]-[DEBUG]-[main]-[]-[org.apache.ibatis.logging.jdbc.BaseJdbcLogger:145] - ==> Parameters: 2(Integer), 25(Integer)
[2020/05/12-17:12:28.194]-[DEBUG]-[main]-[]-[org.apache.ibatis.logging.jdbc.BaseJdbcLogger:145] - <==      Total: 1
[2020/05/12-17:12:28.204]-[INFO]-[main]-[]-[com.yan.open.UserTest:174] - order:[OrderDetail(id=null, orderNum=null, tableNum=null, table=null, position=12,43,12, food=梭子蟹炒年糕, price=null, quantity=1)]
[2020/05/12-17:13:34.795]-[DEBUG]-[main]-[]-[org.apache.ibatis.logging.jdbc.BaseJdbcLogger:145] - ==>  Preparing: select m.food,t.num,t.position,d.quantity from order_detail d,`table` t,menu m where d.food = m.id and t.id = ? and d.order_num = ? 
[2020/05/12-17:13:34.843]-[DEBUG]-[main]-[]-[org.apache.ibatis.logging.jdbc.BaseJdbcLogger:145] - ==> Parameters: 2(Integer), 25(Integer)
[2020/05/12-17:13:34.876]-[DEBUG]-[main]-[]-[org.apache.ibatis.logging.jdbc.BaseJdbcLogger:145] - <==      Total: 1
[2020/05/12-17:13:34.883]-[INFO]-[main]-[]-[com.yan.open.UserTest:174] - order:[OrderDetail(id=null, orderNum=null, tableNum=null, table=null, position=12,43,12, food=梭子蟹炒年糕, price=null, quantity=1)]
[2020/05/12-17:15:01.744]-[DEBUG]-[main]-[]-[org.apache.ibatis.logging.jdbc.BaseJdbcLogger:145] - ==>  Preparing: select m.food,t.num,t.position,d.quantity from order_detail d,`table` t,menu m where d.food = m.id and t.id = ? and d.order_num = ? 
[2020/05/12-17:15:01.806]-[DEBUG]-[main]-[]-[org.apache.ibatis.logging.jdbc.BaseJdbcLogger:145] - ==> Parameters: 2(Integer), 25(Integer)
[2020/05/12-17:15:01.848]-[DEBUG]-[main]-[]-[org.apache.ibatis.logging.jdbc.BaseJdbcLogger:145] - <==      Total: 1
[2020/05/12-17:15:01.852]-[INFO]-[main]-[]-[com.yan.open.UserTest:174] - order:[OrderDetail(id=null, orderNum=null, tableNum=null, table=null, position=12,43,12, food=梭子蟹炒年糕, price=null, quantity=1)]
[2020/05/12-17:16:05.019]-[DEBUG]-[main]-[]-[org.apache.ibatis.logging.jdbc.BaseJdbcLogger:145] - ==>  Preparing: select m.food,t.num as num,t.position,d.quantity from order_detail d,`table` t,menu m where d.food = m.id and t.id = ? and d.order_num = ? 
[2020/05/12-17:16:05.054]-[DEBUG]-[main]-[]-[org.apache.ibatis.logging.jdbc.BaseJdbcLogger:145] - ==> Parameters: 2(Integer), 25(Integer)
[2020/05/12-17:16:05.092]-[DEBUG]-[main]-[]-[org.apache.ibatis.logging.jdbc.BaseJdbcLogger:145] - <==      Total: 1
[2020/05/12-17:16:05.099]-[INFO]-[main]-[]-[com.yan.open.UserTest:174] - order:[OrderDetail(id=null, orderNum=null, tableNum=null, table=null, position=12,43,12, food=梭子蟹炒年糕, price=null, quantity=1)]
[2020/05/12-17:17:04.900]-[DEBUG]-[main]-[]-[org.apache.ibatis.logging.jdbc.BaseJdbcLogger:145] - ==>  Preparing: select m.food,t.num as num,t.position,d.quantity from order_detail d,`table` t,menu m where d.food = m.id and t.id = ? and d.order_num = ? 
[2020/05/12-17:17:04.947]-[DEBUG]-[main]-[]-[org.apache.ibatis.logging.jdbc.BaseJdbcLogger:145] - ==> Parameters: 2(Integer), 25(Integer)
[2020/05/12-17:17:04.976]-[DEBUG]-[main]-[]-[org.apache.ibatis.logging.jdbc.BaseJdbcLogger:145] - <==      Total: 1
[2020/05/12-17:17:04.985]-[INFO]-[main]-[]-[com.yan.open.UserTest:174] - order:[OrderDetail(id=null, orderNum=null, tableNum=null, table=null, position=12,43,12, food=梭子蟹炒年糕, price=null, quantity=1)]
[2020/05/12-17:18:07.127]-[DEBUG]-[main]-[]-[org.apache.ibatis.logging.jdbc.BaseJdbcLogger:145] - ==>  Preparing: select m.food,t.num as table,t.position,d.quantity from order_detail d,`table` t,menu m where d.food = m.id and t.id = ? and d.order_num = ? 
[2020/05/12-17:18:07.169]-[DEBUG]-[main]-[]-[org.apache.ibatis.logging.jdbc.BaseJdbcLogger:145] - ==> Parameters: 2(Integer), 25(Integer)
[2020/05/12-17:19:36.822]-[DEBUG]-[main]-[]-[org.apache.ibatis.logging.jdbc.BaseJdbcLogger:145] - ==>  Preparing: select m.food,t.num as num,t.position,d.quantity from order_detail d,`table` t,menu m where d.food = m.id and t.id = ? and d.order_num = ? 
[2020/05/12-17:19:36.856]-[DEBUG]-[main]-[]-[org.apache.ibatis.logging.jdbc.BaseJdbcLogger:145] - ==> Parameters: 2(Integer), 25(Integer)
[2020/05/12-17:19:36.887]-[DEBUG]-[main]-[]-[org.apache.ibatis.logging.jdbc.BaseJdbcLogger:145] - <==      Total: 1
[2020/05/12-17:19:36.902]-[INFO]-[main]-[]-[com.yan.open.UserTest:174] - order:[OrderDetail(id=null, orderNum=null, tableNum=null, table=null, position=12,43,12, food=梭子蟹炒年糕, price=null, quantity=1)]
[2020/05/12-17:21:01.257]-[DEBUG]-[main]-[]-[org.apache.ibatis.logging.jdbc.BaseJdbcLogger:145] - ==>  Preparing: select m.food,t.num as num,t.position,d.quantity from order_detail d,`table` t,menu m where d.food = m.id and t.id = ? and d.order_num = ? 
[2020/05/12-17:21:01.299]-[DEBUG]-[main]-[]-[org.apache.ibatis.logging.jdbc.BaseJdbcLogger:145] - ==> Parameters: 2(Integer), 25(Integer)
[2020/05/12-17:21:01.328]-[DEBUG]-[main]-[]-[org.apache.ibatis.logging.jdbc.BaseJdbcLogger:145] - <==      Total: 1
[2020/05/12-17:21:01.346]-[INFO]-[main]-[]-[com.yan.open.UserTest:174] - order:[OrderDetail(id=null, orderNum=null, tableNum=null, num=2号, position=12,43,12, food=梭子蟹炒年糕, price=null, quantity=1)]
[2020/05/12-17:46:23.639]-[DEBUG]-[main]-[]-[org.apache.ibatis.logging.jdbc.BaseJdbcLogger:145] - ==>  Preparing: select m.food,t.num as num,t.position,d.quantity from order_detail d,`table` t,menu m where d.food = m.id and t.num = ? and d.order_num = ? 
[2020/05/12-17:46:23.698]-[DEBUG]-[main]-[]-[org.apache.ibatis.logging.jdbc.BaseJdbcLogger:145] - ==> Parameters: 餐桌2号(String), 25(Integer)
[2020/05/12-17:46:23.725]-[DEBUG]-[main]-[]-[org.apache.ibatis.logging.jdbc.BaseJdbcLogger:145] - <==      Total: 0
[2020/05/12-17:46:23.731]-[INFO]-[main]-[]-[com.yan.open.UserTest:174] - order:[]
[2020/05/12-17:47:21.321]-[DEBUG]-[main]-[]-[org.apache.ibatis.logging.jdbc.BaseJdbcLogger:145] - ==>  Preparing: select m.food,t.num as num,t.position,d.quantity from order_detail d,`table` t,menu m where d.food = m.id and t.num = ? and d.order_num = ? 
[2020/05/12-17:47:21.362]-[DEBUG]-[main]-[]-[org.apache.ibatis.logging.jdbc.BaseJdbcLogger:145] - ==> Parameters: 餐桌1号(String), 25(Integer)
[2020/05/12-17:47:21.380]-[DEBUG]-[main]-[]-[org.apache.ibatis.logging.jdbc.BaseJdbcLogger:145] - <==      Total: 0
[2020/05/12-17:47:21.387]-[INFO]-[main]-[]-[com.yan.open.UserTest:174] - order:[]
[2020/05/12-17:50:35.005]-[DEBUG]-[main]-[]-[org.apache.ibatis.logging.jdbc.BaseJdbcLogger:145] - ==>  Preparing: select m.food,t.num as num,t.position,d.quantity from order_detail d,`table` t,menu m where d.food = m.id and t.num = ? and d.order_num = ? 
[2020/05/12-17:50:35.048]-[DEBUG]-[main]-[]-[org.apache.ibatis.logging.jdbc.BaseJdbcLogger:145] - ==> Parameters: 2号(String), 25(Integer)
[2020/05/12-17:50:35.357]-[DEBUG]-[main]-[]-[org.apache.ibatis.logging.jdbc.BaseJdbcLogger:145] - <==      Total: 1
[2020/05/12-17:50:35.362]-[INFO]-[main]-[]-[com.yan.open.UserTest:174] - order:[OrderDetail(id=null, orderNum=null, tableNum=null, tables=null, num=2号, position=12,43,12, food=梭子蟹炒年糕, price=null, quantity=1)]
[2020/05/12-19:43:47.294]-[DEBUG]-[main]-[]-[org.apache.ibatis.logging.jdbc.BaseJdbcLogger:145] - ==>  Preparing: update orders SET cooker = ?order_status = ? where id = ? 
[2020/05/12-19:43:47.345]-[DEBUG]-[main]-[]-[org.apache.ibatis.logging.jdbc.BaseJdbcLogger:145] - ==> Parameters: 44(String), 1(Integer), 90(Integer)
[2020/05/12-19:47:48.921]-[DEBUG]-[main]-[]-[org.apache.ibatis.logging.jdbc.BaseJdbcLogger:145] - ==>  Preparing: UPDATE orders set cooker = ? ,order_status= ? WHERE id = ? 
[2020/05/12-19:47:48.984]-[DEBUG]-[main]-[]-[org.apache.ibatis.logging.jdbc.BaseJdbcLogger:145] - ==> Parameters: 44(String), 1(Integer), 90(Integer)
[2020/05/12-19:47:49.042]-[DEBUG]-[main]-[]-[org.apache.ibatis.logging.jdbc.BaseJdbcLogger:145] - <==    Updates: 1
[2020/05/12-19:48:16.352]-[DEBUG]-[main]-[]-[org.apache.ibatis.logging.jdbc.BaseJdbcLogger:145] - ==>  Preparing: UPDATE orders set robot_num = ? ,order_status= ? WHERE id = ? 
[2020/05/12-19:48:16.395]-[DEBUG]-[main]-[]-[org.apache.ibatis.logging.jdbc.BaseJdbcLogger:145] - ==> Parameters: 2(String), 2(Integer), 90(Integer)
[2020/05/12-19:48:16.442]-[DEBUG]-[main]-[]-[org.apache.ibatis.logging.jdbc.BaseJdbcLogger:145] - <==    Updates: 1
[2020/05/12-19:48:39.407]-[DEBUG]-[main]-[]-[org.apache.ibatis.logging.jdbc.BaseJdbcLogger:145] - ==>  Preparing: UPDATE orders set order_status= ? WHERE id = ? 
[2020/05/12-19:48:39.443]-[DEBUG]-[main]-[]-[org.apache.ibatis.logging.jdbc.BaseJdbcLogger:145] - ==> Parameters: 3(Integer), 90(Integer)
[2020/05/12-19:48:39.497]-[DEBUG]-[main]-[]-[org.apache.ibatis.logging.jdbc.BaseJdbcLogger:145] - <==    Updates: 1
[2020/05/12-22:39:46.780]-[DEBUG]-[main]-[]-[org.apache.ibatis.logging.jdbc.BaseJdbcLogger:145] - ==>  Preparing: select o.id,table_num,r.num,order_date,order_status,total_price,customer,cooker from orders o LEFT JOIN robot r ON o.robot_num = r.id where customer = ? order by id desc 
[2020/05/12-22:39:46.826]-[DEBUG]-[main]-[]-[org.apache.ibatis.logging.jdbc.BaseJdbcLogger:145] - ==> Parameters: 111(String)
[2020/05/12-22:39:46.935]-[DEBUG]-[main]-[]-[org.apache.ibatis.logging.jdbc.BaseJdbcLogger:145] - <==      Total: 4
[2020/05/12-22:39:46.977]-[INFO]-[main]-[]-[com.yan.open.UserTest:180] - orders:[Order(id=29, ids=null, tableNum=1, tables=null, robotNum=null, orderDate=1586574388000, date=null, totalPrice=1000.0, orderStatus=3, status=null, customer=111, cooker=44, orderDetail=[], tag=null), Order(id=24, ids=null, tableNum=2, tables=null, robotNum=null, orderDate=1586142388000, date=null, totalPrice=1000.0, orderStatus=1, status=null, customer=111, cooker=44, orderDetail=[], tag=null), Order(id=16, ids=null, tableNum=1, tables=null, robotNum=null, orderDate=1585795276000, date=null, totalPrice=28.0, orderStatus=3, status=null, customer=111, cooker=444, orderDetail=[], tag=null), Order(id=12, ids=null, tableNum=1, tables=null, robotNum=null, orderDate=1585220535000, date=null, totalPrice=58.0, orderStatus=3, status=null, customer=111, cooker=1313, orderDetail=[], tag=null)]
